<?xml version="1.0" encoding="UTF-8"?>
<!-- Generated by org.testng.reporters.JUnitReportReporter -->
<testsuite hostname="yfzx-hzweisc" name="org.wsc.pageobject.TestPara" tests="3" failures="0" timestamp="25 Jun 2016 10:06:07 GMT" time="63.104" errors="0">
  <testcase name="TestChrome" time="15.446" classname="org.wsc.pageobject.TestPara"/>
  <testcase name="TestIE" time="24.086" classname="org.wsc.pageobject.TestPara"/>
  <testcase name="TestFF" time="23.572" classname="org.wsc.pageobject.TestPara"/>
</testsuite> <!-- org.wsc.pageobject.TestPara -->
